<?xml version="1.0" encoding="UTF-8"?>
<!-- Generated by org.testng.reporters.JUnitXMLReporter -->
<testsuite ignored="9" hostname="LAPTOP-I9RA3P8J" failures="0" tests="2" name="Test" time="10.219" errors="0" timestamp="2026-04-17T12:35:03 IST">
  <testcase classname="com.test.GroupsDemo" name="invalidUserName" time="1.849"/>
  <testcase classname="com.test.GroupsDemo" name="validLoginTest" time="0.678"/>
  <testcase classname="com.test.NewTest" name="invalidUserName" time="0.0">
    <ignored/>
  </testcase> <!-- invalidUserName -->
  <testcase classname="com.test.Tests" name="b" time="0.0">
    <ignored/>
  </testcase> <!-- b -->
  <testcase classname="com.test.Tests" name="c" time="0.0">
    <ignored/>
  </testcase> <!-- c -->
  <testcase classname="com.test.AnnotationTest" name="b" time="0.0">
    <ignored/>
  </testcase> <!-- b -->
  <testcase classname="com.test.Tests" name="a" time="0.0">
    <ignored/>
  </testcase> <!-- a -->
  <testcase classname="com.test.AnnotationTest" name="a" time="0.0">
    <ignored/>
  </testcase> <!-- a -->
  <testcase classname="com.test.NewTest" name="invalidPassword" time="0.0">
    <ignored/>
  </testcase> <!-- invalidPassword -->
  <testcase classname="com.test.NewTest" name="validLoginTest" time="0.0">
    <ignored/>
  </testcase> <!-- validLoginTest -->
  <testcase classname="com.test.GroupsDemo" name="invalidPassword" time="0.0">
    <ignored/>
  </testcase> <!-- invalidPassword -->
</testsuite> <!-- Test -->
