<?xml version="1.0" encoding="UTF-8"?>
<!-- Generated by org.testng.reporters.JUnitReportReporter -->
<testsuite hostname="LAPTOP-I9RA3P8J" failures="0" tests="3" name="com.test.AssertionTest" time="15.357" errors="0" timestamp="2026-04-17T15:36:26 IST" skipped="0">
  <testcase classname="com.test.AssertionTest" name="validLoginTest" time="6.061"/>
  <testcase classname="com.test.AssertionTest" name="invalidPassword" time="4.618"/>
  <testcase classname="com.test.AssertionTest" name="invalidUserName" time="4.678"/>
</testsuite> <!-- com.test.AssertionTest -->
